
2025-01-06 22:04:50,911 - 4 changes detected
2025-01-06 22:04:56,143 - 1 change detected
2025-01-06 22:05:01,198 - 4 changes detected
2025-01-06 22:05:03,855 - Failed to send email to user@example.com: (421, b'Cannot connect to SMTP server 164.92.79.247 (164.92.79.247:587), connect error 10061')
2025-01-06 22:05:10,881 - 4 changes detected
2025-01-06 22:05:25,583 - 1 change detected
2025-01-06 22:06:28,575 - 11 changes detected
2025-01-06 22:06:41,257 - Failed to send email to user@example.com: (421, b'Cannot connect to SMTP server 164.92.79.247 (164.92.79.247:587), connect error 10061')
2025-01-06 22:06:41,317 - 1 change detected
2025-01-06 22:06:54,869 - 1 change detected
2025-01-06 22:07:06,459 - 1 change detected
2025-01-06 22:07:46,423 - Failed to send email to dykovm11@gmail.com: (421, b'Cannot connect to SMTP server 164.92.79.247 (164.92.79.247:587), connect error 10061')
2025-01-06 22:08:28,418 - 5 changes detected
2025-01-06 22:08:28,774 - 1 change detected
2025-01-06 22:09:50,467 - Failed to send email to user@example.com: (421, b'Cannot connect to SMTP server 164.92.79.247 (164.92.79.247:587), connect error 10061')
2025-01-06 22:10:26,097 - 4 changes detected
2025-01-06 22:10:32,961 - 1 change detected
2025-01-06 22:12:08,614 - 3 changes detected
2025-01-06 22:22:01,520 - Failed to send email to user@example.com: (421, b'Cannot connect to SMTP server 164.92.79.247 (164.92.79.247:587), connect error 10061')
2025-01-06 22:22:01,686 - 1 change detected
2025-01-06 22:22:27,540 - 1 change detected
2025-01-06 22:22:42,582 - 1 change detected
2025-01-06 22:22:57,585 - 1 change detected
2025-01-06 22:23:12,664 - 1 change detected
2025-01-06 22:23:27,698 - 1 change detected
2025-01-06 22:23:42,712 - 1 change detected
2025-01-06 22:23:57,750 - 1 change detected
2025-01-06 22:24:12,782 - 1 change detected
2025-01-06 22:24:27,781 - 1 change detected
2025-01-06 22:24:42,823 - 1 change detected
2025-01-06 22:24:57,861 - 1 change detected
2025-01-06 22:25:12,882 - 1 change detected
2025-01-06 22:25:27,923 - 1 change detected
2025-01-06 22:25:42,950 - 1 change detected
2025-01-06 22:25:57,975 - 1 change detected
2025-01-06 22:26:13,004 - 1 change detected
2025-01-06 22:26:15,764 - 1 change detected
2025-01-06 22:26:26,240 - 1 change detected
2025-01-06 22:26:41,251 - 1 change detected
2025-01-06 22:26:56,272 - 1 change detected
2025-01-06 22:27:11,295 - 1 change detected
2025-01-06 22:27:26,313 - 1 change detected
2025-01-06 22:27:41,314 - 1 change detected
2025-01-06 22:27:56,374 - 1 change detected
2025-01-06 22:28:11,376 - 1 change detected
2025-01-06 22:28:26,391 - 1 change detected
2025-01-06 22:28:29,880 - 1 change detected
2025-01-06 22:28:50,286 - 1 change detected
2025-01-06 22:42:42,975 - 3 changes detected
2025-01-06 22:48:29,888 - Email sent to dykova79@gmail.com with subject 'Hi mum'
2025-01-06 22:48:29,888 - User sent an email to dykova79@gmail.com
2025-01-06 22:50:47,263 - 1 change detected
2025-01-06 22:51:18,675 - Email sent to dykova79@gmail.com with subject 'Hi mum'
2025-01-06 22:51:18,675 - User sent an email to dykova79@gmail.com
2025-01-06 22:51:19,364 - 1 change detected
